[debug] [2025-02-23T17:16:57.196Z] ----------------------------------------------------------------------
[debug] [2025-02-23T17:16:57.202Z] Command:       C:\Program Files\nodejs\node.exe C:\Users\NCC\AppData\Roaming\npm\node_modules\firebase-tools\lib\bin\firebase.js deploy
[debug] [2025-02-23T17:16:57.202Z] CLI Version:   13.29.3
[debug] [2025-02-23T17:16:57.202Z] Platform:      win32
[debug] [2025-02-23T17:16:57.202Z] Node Version:  v20.16.0
[debug] [2025-02-23T17:16:57.202Z] Time:          Sun Feb 23 2025 18:16:57 GMT+0100 (West Africa Standard Time)
[debug] [2025-02-23T17:16:57.202Z] ----------------------------------------------------------------------
[debug] 
[debug] [2025-02-23T17:16:57.352Z] > command requires scopes: ["email","openid","https://www.googleapis.com/auth/cloudplatformprojects.readonly","https://www.googleapis.com/auth/firebase","https://www.googleapis.com/auth/cloud-platform"]
[debug] [2025-02-23T17:16:57.353Z] > authorizing via signed-in user (clementakhimien25@gmail.com)
[debug] [2025-02-23T17:16:57.353Z] [iam] checking project trivixpay for permissions ["firebase.projects.get","firebasehosting.sites.update"]
[debug] [2025-02-23T17:16:57.354Z] Checked if tokens are valid: false, expires at: 1740282961122
[debug] [2025-02-23T17:16:57.354Z] Checked if tokens are valid: false, expires at: 1740282961122
[debug] [2025-02-23T17:16:57.354Z] > refreshing access token with scopes: []
[debug] [2025-02-23T17:16:57.356Z] >>> [apiv2][query] POST https://www.googleapis.com/oauth2/v3/token [none]
[debug] [2025-02-23T17:16:57.356Z] >>> [apiv2][body] POST https://www.googleapis.com/oauth2/v3/token [omitted]
[debug] [2025-02-23T17:16:58.292Z] <<< [apiv2][status] POST https://www.googleapis.com/oauth2/v3/token 200
[debug] [2025-02-23T17:16:58.293Z] <<< [apiv2][body] POST https://www.googleapis.com/oauth2/v3/token [omitted]
[debug] [2025-02-23T17:16:58.299Z] >>> [apiv2][query] POST https://cloudresourcemanager.googleapis.com/v1/projects/trivixpay:testIamPermissions [none]
[debug] [2025-02-23T17:16:58.300Z] >>> [apiv2][(partial)header] POST https://cloudresourcemanager.googleapis.com/v1/projects/trivixpay:testIamPermissions x-goog-quota-user=projects/trivixpay
[debug] [2025-02-23T17:16:58.300Z] >>> [apiv2][body] POST https://cloudresourcemanager.googleapis.com/v1/projects/trivixpay:testIamPermissions {"permissions":["firebase.projects.get","firebasehosting.sites.update"]}
[debug] [2025-02-23T17:17:00.280Z] <<< [apiv2][status] POST https://cloudresourcemanager.googleapis.com/v1/projects/trivixpay:testIamPermissions 200
[debug] [2025-02-23T17:17:00.280Z] <<< [apiv2][body] POST https://cloudresourcemanager.googleapis.com/v1/projects/trivixpay:testIamPermissions {"permissions":["firebase.projects.get","firebasehosting.sites.update"]}
[debug] [2025-02-23T17:17:00.281Z] Checked if tokens are valid: true, expires at: 1740334617293
[debug] [2025-02-23T17:17:00.281Z] Checked if tokens are valid: true, expires at: 1740334617293
[debug] [2025-02-23T17:17:00.281Z] >>> [apiv2][query] GET https://firebase.googleapis.com/v1beta1/projects/trivixpay [none]
[debug] [2025-02-23T17:17:01.196Z] <<< [apiv2][status] GET https://firebase.googleapis.com/v1beta1/projects/trivixpay 200
